#
# An unexpected error has been detected by HotSpot Virtual Machine:
#
#  SIGSEGV (0xb) at pc=0x00002ae668de94a4, pid=20697, tid=47169019656928
#
# Java VM: Java HotSpot(TM) 64-Bit Server VM (1.5.0_08-b03 mixed mode)
# Problematic frame:
# j  org.gnu.gtk.StatusIcon.gtk_status_icon_new_from_file(Ljava/lang/String;)Lorg/gnu/glib/Handle;+0
#

---------------  T H R E A D  ---------------

Current thread (0x0000000040116660):  JavaThread "main" [_thread_in_Java, id=20697]

siginfo:si_signo=11, si_errno=0, si_code=1, si_addr=0xffffffffaab60fe0

Registers:
RAX=0xffffffffaab60fe0, RBX=0x00002ae66c293400, RCX=0x0000000000000000, RDX=0x0000000000000021
RSP=0x00007fff46588128, RBP=0x00007fff46588178, RSI=0x00002aaaaf017400, RDI=0x00002ae664a8e980
R8 =0x00002aaaaf017400, R9 =0x0000000000000ccc, R10=0x00002ae66540a000, R11=0x0000000000000ccc
R12=0x00002ae668de949b, R13=0x00002ae66c293400, R14=0x00007fff46588198, R15=0x0000000040116660
RIP=0x00002ae668de94a4, EFL=0x0000000000010282, CSGSFS=0x0000000000000033, ERR=0x0000000000000005
  TRAPNO=0x000000000000000e

Top of Stack: (sp=0x00007fff46588128)
0x00007fff46588128:   00002ae668deca4e 0000000040116660
0x00007fff46588138:   0000000040118838 00007fff46588140
0x00007fff46588148:   00002ae66c293400 00007fff46588198
0x00007fff46588158:   00002ae66c294e78 0000000000000000
0x00007fff46588168:   00002ae66c293400 00007fff46588198
0x00007fff46588178:   00007fff465881e0 00002ae668de2de1
0x00007fff46588188:   00002ae66c2946e8 00002ae668de949b
0x00007fff46588198:   00002ae66c2958c8 00002ae686351178
0x00007fff465881a8:   00007fff465881a8 00002ae66c291a6a
0x00007fff465881b8:   00007fff465881f8 00002ae66c294e78
0x00007fff465881c8:   0000000000000000 00002ae66c291a88
0x00007fff465881d8:   00007fff465881f0 00007fff46588240
0x00007fff465881e8:   00002ae668de2efe 00002ae66c2958c8
0x00007fff465881f8:   00002ae686351178 00002ae686351178
0x00007fff46588208:   00007fff46588208 00002ae66c0f8c2e
0x00007fff46588218:   00007fff46588258 00002ae66c166b68
0x00007fff46588228:   0000000000000000 00002ae66c0f8c60
0x00007fff46588238:   00007fff46588258 00007fff46588298
0x00007fff46588248:   00002ae668de2efe 0000000000000000
0x00007fff46588258:   00002ae6861b0fb8 00007fff46588260
0x00007fff46588268:   00002ae66c0f8af5 00007fff465882c0
0x00007fff46588278:   00002ae66c166b68 0000000000000000
0x00007fff46588288:   00002ae66c0f8b78 00007fff465882c0
0x00007fff46588298:   00007fff46588308 00002ae668de2efe
0x00007fff465882a8:   0000000000000000 00002ae6862ccf98
0x00007fff465882b8:   00002ae6861b20f8 00002ae6861b0fb8
0x00007fff465882c8:   00002ae6861b0fb8 00007fff465882d0
0x00007fff465882d8:   00002ae66c0f8e40 00007fff46588328
0x00007fff465882e8:   00002ae66c166b68 0000000000000000
0x00007fff465882f8:   00002ae66c0f8ea0 00007fff46588328
0x00007fff46588308:   00007fff46588390 00002ae668de032d
0x00007fff46588318:   0000000000000000 0000000000000000 

Instructions: (pc=0x00002ae668de94a4)
0x00002ae668de9494:   c0 c3 c3 c3 c3 c3 c3 48 85 c0 0f 84 03 00 00 00
0x00002ae668de94a4:   48 8b 00 c3 00 00 00 00 00 00 00 00 00 00 00 00 

Stack: [0x00007fff4638e000,0x00007fff4658e000),  sp=0x00007fff46588128,  free space=2024k
Native frames: (J=compiled Java code, j=interpreted, Vv=VM code, C=native code)
j  org.gnu.gtk.StatusIcon.gtk_status_icon_new_from_file(Ljava/lang/String;)Lorg/gnu/glib/Handle;+0
j  org.gnu.gtk.StatusIcon.<init>(Ljava/lang/String;)V+2
j  client.JIndexClient.registerTrayIcon()V+6
j  client.JIndexClient.<init>()V+141
j  client.JIndexClient.main([Ljava/lang/String;)V+8
v  ~StubRoutines::call_stub
V  [libjvm.so+0x3848e5]
V  [libjvm.so+0x55eae9]
V  [libjvm.so+0x3846f5]
V  [libjvm.so+0x3b1d55]
V  [libjvm.so+0x3a2c65]
C  [java+0x1fd6]  strcmp+0x796


---------------  P R O C E S S  ---------------

Java Threads: ( => current thread )
  0x00002aaaaab7fa90 JavaThread "Low Memory Detector" daemon [_thread_blocked, id=20710]
  0x00002aaaaab7de70 JavaThread "CompilerThread1" daemon [_thread_blocked, id=20709]
  0x00002aaaaab7c8d0 JavaThread "CompilerThread0" daemon [_thread_blocked, id=20708]
  0x00002aaaaab7b180 JavaThread "AdapterThread" daemon [_thread_blocked, id=20707]
  0x00002aaaaab79e90 JavaThread "Signal Dispatcher" daemon [_thread_blocked, id=20706]
  0x00002aaaaab65310 JavaThread "Finalizer" daemon [_thread_blocked, id=20705]
  0x00002aaaaab64af0 JavaThread "Reference Handler" daemon [_thread_blocked, id=20704]
=>0x0000000040116660 JavaThread "main" [_thread_in_Java, id=20697]

Other Threads:
  0x00002aaaaab60600 VMThread [id=20703]
  0x00002aaaaab816d0 WatcherThread [id=20711]

VM state:not at safepoint (normal execution)

VM Mutex/Monitor currently owned by a thread: None

Heap
 PSYoungGen      total 9408K, used 2837K [0x00002ae6860a0000, 0x00002ae686b10000, 0x00002ae6908a0000)
  eden space 8128K, 34% used [0x00002ae6860a0000,0x00002ae686365620,0x00002ae686890000)
  from space 1280K, 0% used [0x00002ae6869d0000,0x00002ae6869d0000,0x00002ae686b10000)
  to   space 1280K, 0% used [0x00002ae686890000,0x00002ae686890000,0x00002ae6869d0000)
 PSOldGen        total 21504K, used 0K [0x00002ae6710a0000, 0x00002ae6725a0000, 0x00002ae6860a0000)
  object space 21504K, 0% used [0x00002ae6710a0000,0x00002ae6710a0000,0x00002ae6725a0000)
 PSPermGen       total 21248K, used 4054K [0x00002ae66bea0000, 0x00002ae66d360000, 0x00002ae6710a0000)
  object space 21248K, 19% used [0x00002ae66bea0000,0x00002ae66c2958f0,0x00002ae66d360000)

Dynamic libraries:
40000000-4000e000 r-xp 00000000 08:02 8159238                            /home/sorenm/jdk1.5.0_08/jre/bin/java
4010d000-40110000 rwxp 0000d000 08:02 8159238                            /home/sorenm/jdk1.5.0_08/jre/bin/java
40110000-40154000 rwxp 40110000 00:00 0                                  [heap]
40154000-40155000 ---p 40154000 00:00 0 
40155000-40255000 rwxp 40155000 00:00 0 
40255000-40256000 ---p 40255000 00:00 0 
40256000-40356000 rwxp 40256000 00:00 0 
40356000-40357000 ---p 40356000 00:00 0 
40357000-40457000 rwxp 40357000 00:00 0 
40457000-4045a000 ---p 40457000 00:00 0 
4045a000-40558000 rwxp 4045a000 00:00 0 
40558000-4055b000 ---p 40558000 00:00 0 
4055b000-40659000 rwxp 4055b000 00:00 0 
40659000-4065c000 ---p 40659000 00:00 0 
4065c000-4075a000 rwxp 4065c000 00:00 0 
4075a000-4075d000 ---p 4075a000 00:00 0 
4075d000-4085b000 rwxp 4075d000 00:00 0 
4085b000-4085e000 ---p 4085b000 00:00 0 
4085e000-4095c000 rwxp 4085e000 00:00 0 
4095c000-4095f000 ---p 4095c000 00:00 0 
4095f000-40a5d000 rwxp 4095f000 00:00 0 
40a5d000-40a60000 ---p 40a5d000 00:00 0 
40a60000-40b5e000 rwxp 40a60000 00:00 0 
40b5e000-40b5f000 ---p 40b5e000 00:00 0 
40b5f000-40c5f000 rwxp 40b5f000 00:00 0 
2aaaaaaab000-2aaaaabd3000 rwxp 2aaaaaaab000 00:00 0 
2aaaaabd3000-2aaaaac06000 r-xp 00000000 08:01 6284                       /usr/lib/locale/en_AU.utf8/LC_CTYPE
2aaaaac06000-2aaaaac0d000 r-xs 00000000 08:01 15015                      /usr/lib/gconv/gconv-modules.cache
2aaaaac0d000-2aaaaac0f000 r-xs 00000000 08:02 7962626                    /home/sorenm/jdk1.5.0_08/jre/lib/ext/dnsns.jar
2aaaaac0f000-2aaaaac36000 r-xs 00000000 08:02 9535490                    /home/sorenm/jdk1.5.0_08/jre/lib/ext/sunjce_provider.jar
2aaaaac36000-2aaaaacfa000 r-xs 00000000 08:02 9535494                    /home/sorenm/jdk1.5.0_08/jre/lib/ext/localedata.jar
2aaaaacfa000-2aaaaad06000 r-xs 00000000 08:02 11681970                   /home/sorenm/JIndex/libs/commons-codec.jar
2aaaaad06000-2aaaaad8d000 r-xs 00000000 08:02 11681971                   /home/sorenm/JIndex/libs/commons-collections.jar
2aaaaad8d000-2aaaaadb1000 r-xs 00000000 08:02 11681972                   /home/sorenm/JIndex/libs/commons-lang.jar
2aaaaadb1000-2aaaaaec9000 r-xs 00000000 08:02 11681975                   /home/sorenm/JIndex/libs/itext-1.3.jar
2aaaaaec9000-2aaaaaed9000 r-xs 00000000 08:02 11681976                   /home/sorenm/JIndex/libs/jakarta-oro.jar
2aaaaaed9000-2aaaaaeda000 r-xs 00000000 08:02 11681977                   /home/sorenm/JIndex/libs/java-fam.jar
2aaaaaeda000-2aaaaaef1000 r-xs 00000000 08:02 11681978                   /home/sorenm/JIndex/libs/jdic.jar
2aaaaaef1000-2aaaaaff1000 rwxp 2aaaaaef1000 00:00 0 
2aaaaaff1000-2aaaab1ad000 r-xs 00000000 08:02 11682036                   /home/sorenm/JIndex/libs/jmf.jar
2aaaab1ad000-2aaaab1be000 r-xs 00000000 08:02 11682037                   /home/sorenm/JIndex/libs/junit-3.8.1.1.jar
2aaaab1be000-2aaaab254000 r-xs 00000000 08:02 11682038                   /home/sorenm/JIndex/libs/jxl.jar
2aaaab254000-2aaaab2a9000 r-xs 00000000 08:02 11682042                   /home/sorenm/JIndex/libs/log4j.jar
2aaaab2a9000-2aaaab2dc000 r-xs 00000000 08:02 11682039                   /home/sorenm/JIndex/libs/libdb4.4-java-4.4.20.jar
2aaaab2dc000-2aaaab32c000 r-xs 00000000 08:02 11682043                   /home/sorenm/JIndex/libs/lucene-1.4.3.jar
2aaaab32c000-2aaaab63d000 r-xs 00000000 08:02 11681969                   /home/sorenm/JIndex/libs/PDFBox-0.7.1.jar
2aaaab63d000-2aaaab64b000 r-xs 00000000 08:02 11682045                   /home/sorenm/JIndex/libs/poi-contrib.jar
2aaaab64b000-2aaaab67a000 r-xs 00000000 08:02 11682046                   /home/sorenm/JIndex/libs/poi-scratchpad.jar
2aaaab67a000-2aaaab73c000 r-xs 00000000 08:02 11682047                   /home/sorenm/JIndex/libs/poi.jar
2aaaab73c000-2aaaab73f000 r-xs 00000000 08:02 11682048                   /home/sorenm/JIndex/libs/sabercat.jar
2aaaab73f000-2aaaaba31000 r-xs 00000000 08:02 11682049                   /home/sorenm/JIndex/libs/xalan.jar
2aaaaba31000-2aaaabb24000 r-xs 00000000 08:02 11682050                   /home/sorenm/JIndex/libs/xercesImpl.jar
2aaaabb24000-2aaaabb61000 r-xs 00000000 08:02 11682053                   /home/sorenm/JIndex/libs/xstream-1.1.2.jar
2aaaabb61000-2aaaabb6d000 r-xs 00000000 08:02 11845969                   /home/sorenm/JIndex/libs/mail/activation.jar
2aaaabb6d000-2aaaabb83000 r-xs 00000000 08:02 11845970                   /home/sorenm/JIndex/libs/mail/gnumail-providers.jar
2aaaabb83000-2aaaabbad000 r-xs 00000000 08:02 11845971                   /home/sorenm/JIndex/libs/mail/gnumail.jar
2aaaabbad000-2aaaabbda000 r-xs 00000000 08:02 11845972                   /home/sorenm/JIndex/libs/mail/inetlib.jar
2aaaabbda000-2aaaabbe0000 r-xs 00000000 08:02 11747591                   /home/sorenm/JIndex/libs/gnome-libs/amd64/glib0.4.jar
2aaaabbe0000-2aaaabbf7000 r-xs 00000000 08:02 11747592                   /home/sorenm/JIndex/libs/gnome-libs/amd64/gnome2.12-2.12.1.jar
2aaaabbf7000-2aaaabc9a000 r-xs 00000000 08:02 11747594                   /home/sorenm/JIndex/libs/gnome-libs/amd64/gtk2.10.jar
2aaaabc9a000-2aaaabd9a000 rwxp 2aaaabc9a000 00:00 0 
2aaaabd9a000-2aaaabda2000 r-xs 00000000 08:02 11747596                   /home/sorenm/JIndex/libs/gnome-libs/amd64/libglade-java-2.12.1.jar
2aaaabe00000-2aaaabefc000 rwxp 2aaaabe00000 00:00 0 
2aaaabefc000-2aaaabf00000 ---p 2aaaabefc000 00:00 0 
2aaaabf00000-2aaaac000000 rwxp 2aaaabf00000 00:00 0 
2aaaac000000-2aaaac0d0000 r-xp 00000000 08:02 11911333                   /home/sorenm/JIndex/libs/native/amd64/libgtkjni-2.10.so
2aaaac0d0000-2aaaac1cf000 ---p 000d0000 08:02 11911333                   /home/sorenm/JIndex/libs/native/amd64/libgtkjni-2.10.so
2aaaac1cf000-2aaaac1d5000 rwxp 000cf000 08:02 11911333                   /home/sorenm/JIndex/libs/native/amd64/libgtkjni-2.10.so
2aaaac1e7000-2aaaac1eb000 r-xp 00000000 08:01 65034                      /usr/lib/libgthread-2.0.so.0.1200.4
2aaaac1eb000-2aaaac2ea000 ---p 00004000 08:01 65034                      /usr/lib/libgthread-2.0.so.0.1200.4
2aaaac2ea000-2aaaac2eb000 rwxp 00003000 08:01 65034                      /usr/lib/libgthread-2.0.so.0.1200.4
2aaaac2eb000-2aaaac671000 r-xp 00000000 08:01 67317                      /usr/lib/libgtk-x11-2.0.so.0.1000.6
2aaaac671000-2aaaac771000 ---p 00386000 08:01 67317                      /usr/lib/libgtk-x11-2.0.so.0.1000.6
2aaaac771000-2aaaac77c000 rwxp 00386000 08:01 67317                      /usr/lib/libgtk-x11-2.0.so.0.1000.6
2aaaac77c000-2aaaac77e000 rwxp 2aaaac77c000 00:00 0 
2aaaac77e000-2aaaac811000 r-xp 00000000 08:01 67316                      /usr/lib/libgdk-x11-2.0.so.0.1000.6
2aaaac811000-2aaaac911000 ---p 00093000 08:01 67316                      /usr/lib/libgdk-x11-2.0.so.0.1000.6
2aaaac911000-2aaaac916000 rwxp 00093000 08:01 67316                      /usr/lib/libgdk-x11-2.0.so.0.1000.6
2aaaac916000-2aaaac933000 r-xp 00000000 08:01 66901                      /usr/lib/libatk-1.0.so.0.1213.0
2aaaac933000-2aaaaca33000 ---p 0001d000 08:01 66901                      /usr/lib/libatk-1.0.so.0.1213.0
2aaaaca33000-2aaaaca36000 rwxp 0001d000 08:01 66901                      /usr/lib/libatk-1.0.so.0.1213.0
2aaaaca36000-2aaaaca4d000 r-xp 00000000 08:01 67315                      /usr/lib/libgdk_pixbuf-2.0.so.0.1000.6
2aaaaca4d000-2aaaacb4d000 ---p 00017000 08:01 67315                      /usr/lib/libgdk_pixbuf-2.0.so.0.1000.6
2aaaacb4d000-2aaaacb4e000 rwxp 00017000 08:01 67315                      /usr/lib/libgdk_pixbuf-2.0.so.0.1000.6
2aaaacb4e000-2aaaacb56000 r-xp 00000000 08:01 13339                      /usr/lib/libpangocairo-1.0.so.0.1400.5
2aaaacb56000-2aaaacc56000 ---p 00008000 08:01 13339                      /usr/lib/libpangocairo-1.0.so.0.1400.5
2aaaacc56000-2aaaacc57000 rwxp 00008000 08:01 13339                      /usr/lib/libpangocairo-1.0.so.0.1400.5
2aaaacc57000-2aaaacc8d000 r-xp 00000000 08:01 13300                      /usr/lib/libfontconfig.so.1.0.4
2aaaacc8d000-2aaaacd8c000 ---p 00036000 08:01 13300                      /usr/lib/libfontconfig.so.1.0.4
2aaaacd8c000-2aaaacd94000 rwxp 00035000 08:01 13300                      /usr/lib/libfontconfig.so.1.0.4
2aaaacd94000-2aaaacd96000 rwxp 2aaaacd94000 00:00 0 
2aaaacd96000-2aaaacda6000 r-xp 00000000 08:01 84246                      /usr/lib/libXext.so.6.4.0
2aaaacda6000-2aaaacea6000 ---p 00010000 08:01 84246                      /usr/lib/libXext.so.6.4.0
2aaaacea6000-2aaaacea7000 rwxp 00010000 08:01 84246                      /usr/lib/libXext.so.6.4.0
2aaaacea7000-2aaaaceb0000 r-xp 00000000 08:01 79523                      /usr/lib/libXrender.so.1.3.0
2aaaaceb0000-2aaaacfaf000 ---p 00009000 08:01 79523                      /usr/lib/libXrender.so.1.3.0
2aaaacfaf000-2aaaacfb0000 rwxp 00008000 08:01 79523                      /usr/lib/libXrender.so.1.3.0
2aaaacfb0000-2aaaacfb2000 r-xp 00000000 08:01 84566                      /usr/lib/libXinerama.so.1.0.0
2aaaacfb2000-2aaaad0b1000 ---p 00002000 08:01 84566                      /usr/lib/libXinerama.so.1.0.0
2aaaad0b1000-2aaaad0b2000 rwxp 00001000 08:01 84566                      /usr/lib/libXinerama.so.1.0.0
2aaaad0b2000-2aaaad0ba000 r-xp 00000000 08:01 84490                      /usr/lib/libXi.so.6.0.0
2aaaad0ba000-2aaaad1b9000 ---p 00008000 08:01 84490                      /usr/lib/libXi.so.6.0.0
2aaaad1b9000-2aaaad1ba000 rwxp 00007000 08:01 84490                      /usr/lib/libXi.so.6.0.0
2aaaad1ba000-2aaaad1bd000 r-xp 00000000 08:01 89972                      /usr/lib/libXrandr.so.2.0.0
2aaaad1bd000-2aaaad2bc000 ---p 00003000 08:01 89972                      /usr/lib/libXrandr.so.2.0.0
2aaaad2bc000-2aaaad2bd000 rwxp 00002000 08:01 89972                      /usr/lib/libXrandr.so.2.0.0
2aaaad2bd000-2aaaad2c7000 r-xp 00000000 08:01 83981                      /usr/lib/libXcursor.so.1.0.2
2aaaad2c7000-2aaaad3c6000 ---p 0000a000 08:01 83981                      /usr/lib/libXcursor.so.1.0.2
2aaaad3c6000-2aaaad3c7000 rwxp 00009000 08:01 83981                      /usr/lib/libXcursor.so.1.0.2
2aaaad3c7000-2aaaad3cc000 r-xp 00000000 08:01 82917                      /usr/lib/libXfixes.so.3.1.0
2aaaad3cc000-2aaaad4cb000 ---p 00005000 08:01 82917                      /usr/lib/libXfixes.so.3.1.0
2aaaad4cb000-2aaaad4cc000 rwxp 00004000 08:01 82917                      /usr/lib/libXfixes.so.3.1.0
2aaaad4cc000-2aaaad50a000 r-xp 00000000 08:01 13310                      /usr/lib/libpango-1.0.so.0.1400.5
2aaaad50a000-2aaaad609000 ---p 0003e000 08:01 13310                      /usr/lib/libpango-1.0.so.0.1400.5
2aaaad609000-2aaaad60c000 rwxp 0003d000 08:01 13310                      /usr/lib/libpango-1.0.so.0.1400.5
2aaaad60c000-2aaaad6e7000 r-xp 00000000 08:01 26902                      /usr/lib/libX11.so.6.2.0
2aaaad6e7000-2aaaad7e6000 ---p 000db000 08:01 26902                      /usr/lib/libX11.so.6.2.0
2aaaad7e6000-2aaaad7eb000 rwxp 000da000 08:01 26902                      /usr/lib/libX11.so.6.2.0
2aaaad7eb000-2aaaad82a000 r-xp 00000000 08:01 65029                      /usr/lib/libgobject-2.0.so.0.1200.4
2aaaad82a000-2aaaad92a000 ---p 0003f000 08:01 65029                      /usr/lib/libgobject-2.0.so.0.1200.4
2aaaad92a000-2aaaad92c000 rwxp 0003f000 08:01 65029                      /usr/lib/libgobject-2.0.so.0.1200.4
2aaaad92c000-2aaaad92f000 r-xp 00000000 08:01 65033                      /usr/lib/libgmodule-2.0.so.0.1200.4
2aaaad92f000-2aaaada2e000 ---p 00003000 08:01 65033                      /usr/lib/libgmodule-2.0.so.0.1200.4
2aaaada2e000-2aaaada2f000 rwxp 00002000 08:01 65033                      /usr/lib/libgmodule-2.0.so.0.1200.4
2aaaada2f000-2aaaadacc000 r-xp 00000000 08:01 65023                      /usr/lib/libglib-2.0.so.0.1200.4
2aaaadacc000-2aaaadbcb000 ---p 0009d000 08:01 65023                      /usr/lib/libglib-2.0.so.0.1200.4
2aaaadbcb000-2aaaadbcc000 rwxp 0009c000 08:01 65023                      /usr/lib/libglib-2.0.so.0.1200.4
2aaaadbcc000-2aaaadbcd000 rwxp 2aaaadbcc000 00:00 0 
2aaaadbcd000-2aaaadc34000 r-xp 00000000 08:01 79534                      /usr/lib/libcairo.so.2.9.2
2aaaadc34000-2aaaadd33000 ---p 00067000 08:01 79534                      /usr/lib/libcairo.so.2.9.2
2aaaadd33000-2aaaadd36000 rwxp 00066000 08:01 79534                      /usr/lib/libcairo.so.2.9.2
2aaaadd36000-2aaaadd45000 r-xp 00000000 08:01 2847                       /usr/local/lib/libglibjni-0.4.so
2aaaadd45000-2aaaade44000 ---p 0000f000 08:01 2847                       /usr/local/lib/libglibjni-0.4.so
2aaaade44000-2aaaade45000 rwxp 0000e000 08:01 2847                       /usr/local/lib/libglibjni-0.4.so
2aaaade45000-2aaaade4d000 r-xp 00000000 08:01 15037                      /lib/librt-2.4.so
2aaaade4d000-2aaaadf4c000 ---p 00008000 08:01 15037                      /lib/librt-2.4.so
2aaaadf4c000-2aaaadf4e000 rwxp 00007000 08:01 15037                      /lib/librt-2.4.so
2aaaadf4e000-2aaaadf7b000 r-xp 00000000 08:01 13325                      /usr/lib/libpangoft2-1.0.so.0.1400.5
2aaaadf7b000-2aaaae07b000 ---p 0002d000 08:01 13325                      /usr/lib/libpangoft2-1.0.so.0.1400.5
2aaaae07b000-2aaaae07c000 rwxp 0002d000 08:01 13325                      /usr/lib/libpangoft2-1.0.so.0.1400.5
2aaaae07c000-2aaaae0f0000 r-xp 00000000 08:01 77953                      /usr/lib/libfreetype.so.6.3.10
2aaaae0f0000-2aaaae1f0000 ---p 00074000 08:01 77953                      /usr/lib/libfreetype.so.6.3.10
2aaaae1f0000-2aaaae1f5000 rwxp 00074000 08:01 77953                      /usr/lib/libfreetype.so.6.3.10
2aaaae1f5000-2aaaae20b000 r-xp 00000000 08:01 5738                       /usr/lib/libz.so.1.2.3
2aaaae20b000-2aaaae30a000 ---p 00016000 08:01 5738                       /usr/lib/libz.so.1.2.3
2aaaae30a000-2aaaae30b000 rwxp 00015000 08:01 5738                       /usr/lib/libz.so.1.2.3
2aaaae30b000-2aaaae32b000 r-xp 00000000 08:01 37913                      /usr/lib/libexpat.so.1.0.0
2aaaae32b000-2aaaae42b000 ---p 00020000 08:01 37913                      /usr/lib/libexpat.so.1.0.0
2aaaae42b000-2aaaae42d000 rwxp 00020000 08:01 37913                      /usr/lib/libexpat.so.1.0.0
2aaaae42d000-2aaaae42f000 r-xp 00000000 08:01 83996                      /usr/lib/libXau.so.6.0.0
2aaaae42f000-2aaaae52f000 ---p 00002000 08:01 83996                      /usr/lib/libXau.so.6.0.0
2aaaae52f000-2aaaae530000 rwxp 00002000 08:01 83996                      /usr/lib/libXau.so.6.0.0
2aaaae530000-2aaaae535000 r-xp 00000000 08:01 32334                      /usr/lib/libXdmcp.so.6.0.0
2aaaae535000-2aaaae634000 ---p 00005000 08:01 32334                      /usr/lib/libXdmcp.so.6.0.0
2aaaae634000-2aaaae635000 rwxp 00004000 08:01 32334                      /usr/lib/libXdmcp.so.6.0.0
2aaaae635000-2aaaae658000 r-xp 00000000 08:01 79517                      /usr/lib/libpng12.so.0.1.2.8
2aaaae658000-2aaaae757000 ---p 00023000 08:01 79517                      /usr/lib/libpng12.so.0.1.2.8
2aaaae757000-2aaaae758000 rwxp 00022000 08:01 79517                      /usr/lib/libpng12.so.0.1.2.8
2aaaae758000-2aaaae759000 r-xp 00000000 08:01 7834                       /usr/lib/locale/en_AU.utf8/LC_IDENTIFICATION
2aaaae759000-2aaaae75a000 r-xp 00000000 08:01 10167                      /usr/lib/locale/en_AU.utf8/LC_MEASUREMENT
2aaaae75a000-2aaaae75b000 r-xp 00000000 08:01 7648                       /usr/lib/locale/en_AU.utf8/LC_TELEPHONE
2aaaae75b000-2aaaae75c000 r-xp 00000000 08:01 7421                       /usr/lib/locale/en_AU.utf8/LC_ADDRESS
2aaaae75c000-2aaaae75d000 r-xp 00000000 08:01 10164                      /usr/lib/locale/en_AU.utf8/LC_NAME
2aaaae75d000-2aaaae75e000 r-xp 00000000 08:01 10163                      /usr/lib/locale/en_AU.utf8/LC_PAPER
2aaaae75e000-2aaaae75f000 r-xp 00000000 08:01 10162                      /usr/lib/locale/en_AU.utf8/LC_MESSAGES/SYS_LC_MESSAGES
2aaaae75f000-2aaaae760000 r-xp 00000000 08:01 7078                       /usr/lib/locale/en_AU.utf8/LC_MONETARY
2aaaae760000-2aaaae837000 r-xp 00000000 08:01 10159                      /usr/lib/locale/en_AU.utf8/LC_COLLATE
2aaaae837000-2aaaae838000 r-xp 00000000 08:01 10158                      /usr/lib/locale/en_AU.utf8/LC_TIME
2aaaae838000-2aaaae839000 r-xp 00000000 08:01 10157                      /usr/lib/locale/en_AU.utf8/LC_NUMERIC
2aaaae839000-2aaaae83a000 r-xp 00000000 08:01 32537                      /usr/lib/X11/locale/common/xlcUTF8Load.so.2.0.0
2aaaae83a000-2aaaae939000 ---p 00001000 08:01 32537                      /usr/lib/X11/locale/common/xlcUTF8Load.so.2.0.0
2aaaae939000-2aaaae93a000 rwxp 00000000 08:01 32537                      /usr/lib/X11/locale/common/xlcUTF8Load.so.2.0.0
2aaaae93a000-2aaaae944000 r-xp 00000000 08:01 119432                     /usr/share/locale-langpack/en_AU/LC_MESSAGES/gtk20.mo
2aaaae944000-2aaaae949000 r-xp 00000000 08:01 119433                     /usr/share/locale-langpack/en_AU/LC_MESSAGES/gtk20-properties.mo
2aaaae949000-2aaaae94b000 r-xp 00000000 08:01 187230                     /usr/lib/gconv/ISO8859-1.so
2aaaae94b000-2aaaaea4a000 ---p 00002000 08:01 187230                     /usr/lib/gconv/ISO8859-1.so
2aaaaea4a000-2aaaaea4c000 rwxp 00001000 08:01 187230                     /usr/lib/gconv/ISO8859-1.so
2aaaaea4c000-2aaaaea4e000 r-xp 00000000 08:02 11911230                   /home/sorenm/JIndex/libs/native/amd64/libgladejni-2.12.so
2aaaaea4e000-2aaaaeb4d000 ---p 00002000 08:02 11911230                   /home/sorenm/JIndex/libs/native/amd64/libgladejni-2.12.so
2aaaaeb4d000-2aaaaeb4e000 rwxp 00001000 08:02 11911230                   /home/sorenm/JIndex/libs/native/amd64/libgladejni-2.12.so
2aaaaeb60000-2aaaaeb79000 r-xp 00000000 08:01 47630                      /usr/lib/libglade-2.0.so.0.0.7
2aaaaeb79000-2aaaaec78000 ---p 00019000 08:01 47630                      /usr/lib/libglade-2.0.so.0.0.7
2aaaaec78000-2aaaaec7a000 rwxp 00018000 08:01 47630                      /usr/lib/libglade-2.0.so.0.0.7
2aaaaec7a000-2aaaaedae000 r-xp 00000000 08:01 18706                      /usr/lib/libxml2.so.2.6.26
2aaaaedae000-2aaaaeeae000 ---p 00134000 08:01 18706                      /usr/lib/libxml2.so.2.6.26
2aaaaeeae000-2aaaaeeb7000 rwxp 00134000 08:01 18706                      /usr/lib/libxml2.so.2.6.26
2aaaaeeb7000-2aaaaeeb8000 rwxp 2aaaaeeb7000 00:00 0 
2aaaaef00000-2aaaaf000000 rwxp 2aaaaef00000 00:00 0 
2aaaaf000000-2aaaaf1f7000 rwxp 2aaaaf000000 00:00 0 
2aaaaf1f7000-2aaaaf200000 ---p 2aaaaf1f7000 00:00 0 
2aaaaf200000-2aaaaf208000 r-xp 00000000 08:01 42209                      /usr/lib/libglade/2.0/libgnome.so
2aaaaf208000-2aaaaf307000 ---p 00008000 08:01 42209                      /usr/lib/libglade/2.0/libgnome.so
2aaaaf307000-2aaaaf309000 rwxp 00007000 08:01 42209                      /usr/lib/libglade/2.0/libgnome.so
2aaaaf400000-2aaaaf500000 rwxp 2aaaaf400000 00:00 0 
2aaaaf500000-2aaaaf594000 r-xp 00000000 08:01 42207                      /usr/lib/libgnomeui-2.so.0.1600.1
2aaaaf594000-2aaaaf694000 ---p 00094000 08:01 42207                      /usr/lib/libgnomeui-2.so.0.1600.1
2aaaaf694000-2aaaaf69a000 rwxp 00094000 08:01 42207                      /usr/lib/libgnomeui-2.so.0.1600.1
2aaaaf69a000-2aaaaf704000 r-xp 00000000 08:01 63491                      /usr/lib/libbonoboui-2.so.0.0.0
2aaaaf704000-2aaaaf804000 ---p 0006a000 08:01 63491                      /usr/lib/libbonoboui-2.so.0.0.0
2aaaaf804000-2aaaaf809000 rwxp 0006a000 08:01 63491                      /usr/lib/libbonoboui-2.so.0.0.0
2aaaaf809000-2aaaaf836000 r-xp 00000000 08:01 41185                      /usr/lib/libgnomecanvas-2.so.0.1400.0
2aaaaf836000-2aaaaf935000 ---p 0002d000 08:01 41185                      /usr/lib/libgnomecanvas-2.so.0.1400.0
2aaaaf935000-2aaaaf937000 rwxp 0002c000 08:01 41185                      /usr/lib/libgnomecanvas-2.so.0.1400.0
2aaaaf937000-2aaaaf94d000 r-xp 00000000 08:01 61274                      /usr/lib/libgnome-2.so.0.1600.0
2aaaaf94d000-2aaaafa4d000 ---p 00016000 08:01 61274                      /usr/lib/libgnome-2.so.0.1600.0
2aaaafa4d000-2aaaafa4f000 rwxp 00016000 08:01 61274                      /usr/lib/libgnome-2.so.0.1600.0
2aaaafa4f000-2aaaafa64000 r-xp 00000000 08:01 7362                       /usr/lib/libart_lgpl_2.so.2.3.17
2aaaafa64000-2aaaafb63000 ---p 00015000 08:01 7362                       /usr/lib/libart_lgpl_2.so.2.3.17
2aaaafb63000-2aaaafb66000 rwxp 00014000 08:01 7362                       /usr/lib/libart_lgpl_2.so.2.3.17
2aaaafb66000-2aaaafbca000 r-xp 00000000 08:01 23186                      /usr/lib/libbonobo-2.so.0.0.0
2aaaafbca000-2aaaafcc9000 ---p 00064000 08:01 23186                      /usr/lib/libbonobo-2.so.0.0.0
2aaaafcc9000-2aaaafcda000 rwxp 00063000 08:01 23186                      /usr/lib/libbonobo-2.so.0.0.0
2aaaafcda000-2aaaafcf1000 r-xp 00000000 08:01 23187                      /usr/lib/libbonobo-activation.so.4.0.0
2aaaafcf1000-2aaaafdf1000 ---p 00017000 08:01 23187                      /usr/lib/libbonobo-activation.so.4.0.0
2aaaafdf1000-2aaaafdf5000 rwxp 00017000 08:01 23187                      /usr/lib/libbonobo-activation.so.4.0.0
2aaaafdf5000-2aaaafe56000 r-xp 00000000 08:01 24544                      /usr/lib/libgnomevfs-2.so.0.1600.1
2aaaafe56000-2aaaaff56000 ---p 00061000 08:01 24544                      /usr/lib/libgnomevfs-2.so.0.1600.1
2aaaaff56000-2aaaaff5b000 rwxp 00061000 08:01 24544                      /usr/lib/libgnomevfs-2.so.0.1600.1
2aaaaff5b000-2aaaaff93000 r-xp 00000000 08:01 24552                      /usr/lib/libgconf-2.so.4.1.0
2aaaaff93000-2aaab0092000 ---p 00038000 08:01 24552                      /usr/lib/libgconf-2.so.4.1.0
2aaab0092000-2aaab0097000 rwxp 00037000 08:01 24552                      /usr/lib/libgconf-2.so.4.1.0
2aaab0097000-2aaab00f2000 r-xp 00000000 08:01 34885                      /usr/lib/libORBit-2.so.0.1.0
2aaab00f2000-2aaab01f1000 ---p 0005b000 08:01 34885                      /usr/lib/libORBit-2.so.0.1.0
2aaab01f1000-2aaab0204000 rwxp 0005a000 08:01 34885                      /usr/lib/libORBit-2.so.0.1.0
2aaab0204000-2aaab0211000 r-xp 00000000 08:01 29342                      /usr/lib/libgnome-keyring.so.0.0.1
2aaab0211000-2aaab0310000 ---p 0000d000 08:01 29342                      /usr/lib/libgnome-keyring.so.0.0.1
2aaab0310000-2aaab0311000 rwxp 0000c000 08:01 29342                      /usr/lib/libgnome-keyring.so.0.0.1
2aaab0323000-2aaab032a000 r-xp 00000000 08:01 34007                      /lib/libpopt.so.0.0.0
2aaab032a000-2aaab042a000 ---p 00007000 08:01 34007                      /lib/libpopt.so.0.0.0
2aaab042a000-2aaab042b000 rwxp 00007000 08:01 34007                      /lib/libpopt.so.0.0.0
2aaab042b000-2aaab044c000 r-xp 00000000 08:01 30742                      /usr/lib/libjpeg.so.62.0.0
2aaab044c000-2aaab054c000 ---p 00021000 08:01 30742                      /usr/lib/libjpeg.so.62.0.0
2aaab054c000-2aaab054d000 rwxp 00021000 08:01 30742                      /usr/lib/libjpeg.so.62.0.0
2aaab054d000-2aaab0556000 r-xp 00000000 08:01 79569                      /usr/lib/libSM.so.6.0.0
2aaab0556000-2aaab0656000 ---p 00009000 08:01 79569                      /usr/lib/libSM.so.6.0.0
2aaab0656000-2aaab0657000 rwxp 00009000 08:01 79569                      /usr/lib/libSM.so.6.0.0
2aaab0657000-2aaab066e000 r-xp 00000000 08:01 79557                      /usr/lib/libICE.so.6.3.0
2aaab066e000-2aaab076d000 ---p 00017000 08:01 79557                      /usr/lib/libICE.so.6.3.0
2aaab076d000-2aaab076e000 rwxp 00016000 08:01 79557                      /usr/lib/libICE.so.6.3.0
2aaab076e000-2aaab0772000 rwxp 2aaab076e000 00:00 0 
2aaab0772000-2aaab077c000 r-xp 00000000 08:01 7470                       /usr/lib/libesd.so.0.2.36
2aaab077c000-2aaab087c000 ---p 0000a000 08:01 7470                       /usr/lib/libesd.so.0.2.36
2aaab087c000-2aaab087d000 rwxp 0000a000 08:01 7470                       /usr/lib/libesd.so.0.2.36
2aaab087d000-2aaab08a2000 r-xp 00000000 08:01 7377                       /usr/lib/libaudiofile.so.0.0.2
2aaab08a2000-2aaab09a1000 ---p 00025000 08:01 7377                       /usr/lib/libaudiofile.so.0.0.2
2aaab09a1000-2aaab09a5000 rwxp 00024000 08:01 7377                       /usr/lib/libaudiofile.so.0.0.2
2aaab09a5000-2aaab09aa000 r-xp 00000000 08:01 34887                      /usr/lib/libORBitCosNaming-2.so.0.1.0
2aaab09aa000-2aaab0aaa000 ---p 00005000 08:01 34887                      /usr/lib/libORBitCosNaming-2.so.0.1.0
2aaab0aaa000-2aaab0aac000 rwxp 00005000 08:01 34887                      /usr/lib/libORBitCosNaming-2.so.0.1.0
2aaab0aac000-2aaab0aca000 r-xp 00000000 08:01 79929                      /usr/lib/libdbus-glib-1.so.2.0.0
2aaab0aca000-2aaab0bc9000 ---p 0001e000 08:01 79929                      /usr/lib/libdbus-glib-1.so.2.0.0
2aaab0bc9000-2aaab0bcb000 rwxp 0001d000 08:01 79929                      /usr/lib/libdbus-glib-1.so.2.0.0
2aaab0bcb000-2aaab0c00000 r-xp 00000000 08:01 24858                      /usr/lib/libdbus-1.so.3.0.0
2aaab0c00000-2aaab0cff000 ---p 00035000 08:01 24858                      /usr/lib/libdbus-1.so.3.0.0
2aaab0cff000-2aaab0d01000 rwxp 00034000 08:01 24858                      /usr/lib/libdbus-1.so.3.0.0
2aaab0d01000-2aaab0d75000 r-xp 00000000 08:01 45755                      /usr/lib/libgnutls.so.13.0.5
2aaab0d75000-2aaab0e74000 ---p 00074000 08:01 45755                      /usr/lib/libgnutls.so.13.0.5
2aaab0e74000-2aaab0e7f000 rwxp 00073000 08:01 45755                      /usr/lib/libgnutls.so.13.0.5
2aaab0e7f000-2aaab0e82000 r-xp 00000000 08:01 63806                      /usr/lib/libavahi-glib.so.1.0.1
2aaab0e82000-2aaab0f81000 ---p 00003000 08:01 63806                      /usr/lib/libavahi-glib.so.1.0.1
2aaab0f81000-2aaab0f82000 rwxp 00002000 08:01 63806                      /usr/lib/libavahi-glib.so.1.0.1
2aaab0f82000-2aaab0f8d000 r-xp 00000000 08:01 29757                      /usr/lib/libavahi-common.so.3.4.2
2aaab0f8d000-2aaab108d000 ---p 0000b000 08:01 29757                      /usr/lib/libavahi-common.so.3.4.2
2aaab108d000-2aaab108e000 rwxp 0000b000 08:01 29757                      /usr/lib/libavahi-common.so.3.4.2
2aaab108e000-2aaab109e000 r-xp 00000000 08:01 41243                      /usr/lib/libavahi-client.so.3.2.0
2aaab109e000-2aaab119d000 ---p 00010000 08:01 41243                      /usr/lib/libavahi-client.so.3.2.0
2aaab119d000-2aaab119e000 rwxp 0000f000 08:01 41243                      /usr/lib/libavahi-client.so.3.2.0
2aaab119e000-2aaab11af000 r-xp 00000000 08:01 15036                      /lib/libresolv-2.4.so
2aaab11af000-2aaab12af000 ---p 00011000 08:01 15036                      /lib/libresolv-2.4.so
2aaab12af000-2aaab12b1000 rwxp 00011000 08:01 15036                      /lib/libresolv-2.4.so
2aaab12b1000-2aaab12b3000 rwxp 2aaab12b1000 00:00 0 
2aaab12b3000-2aaab12c7000 r-xp 00000000 08:01 14820                      /lib/libselinux.so.1
2aaab12c7000-2aaab13c6000 ---p 00014000 08:01 14820                      /lib/libselinux.so.1
2aaab13c6000-2aaab13c8000 rwxp 00013000 08:01 14820                      /lib/libselinux.so.1
2aaab13c8000-2aaab13c9000 rwxp 2aaab13c8000 00:00 0 
2aaab13c9000-2aaab13cb000 r-xp 00000000 08:01 15040                      /lib/libutil-2.4.so
2aaab13cb000-2aaab14ca000 ---p 00002000 08:01 15040                      /lib/libutil-2.4.so
2aaab14ca000-2aaab14cc000 rwxp 00001000 08:01 15040                      /lib/libutil-2.4.so
2aaab14cc000-2aaab159c000 r-xp 00000000 08:01 122077                     /usr/lib/libasound.so.2.0.0
2aaab159c000-2aaab169c000 ---p 000d0000 08:01 122077                     /usr/lib/libasound.so.2.0.0
2aaab169c000-2aaab16a4000 rwxp 000d0000 08:01 122077                     /usr/lib/libasound.so.2.0.0
2aaab16a4000-2aaab16b8000 r-xp 00000000 08:01 79608                      /usr/lib/libtasn1.so.3.0.5
2aaab16b8000-2aaab17b7000 ---p 00014000 08:01 79608                      /usr/lib/libtasn1.so.3.0.5
2aaab17b7000-2aaab17b8000 rwxp 00013000 08:01 79608                      /usr/lib/libtasn1.so.3.0.5
2aaab17b8000-2aaab1802000 r-xp 00000000 08:01 7321                       /usr/lib/libgcrypt.so.11.2.1
2aaab1802000-2aaab1901000 ---p 0004a000 08:01 7321                       /usr/lib/libgcrypt.so.11.2.1
2aaab1901000-2aaab1904000 rwxp 00049000 08:01 7321                       /usr/lib/libgcrypt.so.11.2.1
2aaab1904000-2aaab1907000 r-xp 00000000 08:01 64224                      /usr/lib/libgpg-error.so.0.2.0
2aaab1907000-2aaab1a06000 ---p 00003000 08:01 64224                      /usr/lib/libgpg-error.so.0.2.0
2aaab1a06000-2aaab1a07000 rwxp 00002000 08:01 64224                      /usr/lib/libgpg-error.so.0.2.0
2aaab1a07000-2aaab1a3f000 r-xp 00000000 08:01 14819                      /lib/libsepol.so.1
2aaab1a3f000-2aaab1b3f000 ---p 00038000 08:01 14819                      /lib/libsepol.so.1
2aaab1b3f000-2aaab1b40000 rwxp 00038000 08:01 14819                      /lib/libsepol.so.1
2aaab1b40000-2aaab1b4a000 rwxp 2aaab1b40000 00:00 0 
2aaab1b4a000-2aaab1b4d000 r-xp 00000000 08:01 63492                      /usr/lib/libglade/2.0/libbonobo.so
2aaab1b4d000-2aaab1c4c000 ---p 00003000 08:01 63492                      /usr/lib/libglade/2.0/libbonobo.so
2aaab1c4c000-2aaab1c4d000 rwxp 00002000 08:01 63492                      /usr/lib/libglade/2.0/libbonobo.so
2aaab1c4d000-2aaab1c60000 r-xp 00000000 08:01 30115                      /usr/lib/gtk-2.0/2.10.0/engines/libubuntulooks.so
2aaab1c60000-2aaab1d60000 ---p 00013000 08:01 30115                      /usr/lib/gtk-2.0/2.10.0/engines/libubuntulooks.so
2aaab1d60000-2aaab1d61000 rwxp 00013000 08:01 30115                      /usr/lib/gtk-2.0/2.10.0/engines/libubuntulooks.so
2aaab1d61000-2aaab1dd2000 r-xp 00000000 08:01 28742                      /usr/share/fonts/truetype/ttf-dejavu/DejaVuSans.ttf
2aaab1dd2000-2aaab1dd5000 r-xp 00000000 08:01 9136                       /usr/lib/pango/1.5.0/modules/pango-basic-fc.so
2aaab1dd5000-2aaab1ed4000 ---p 00003000 08:01 9136                       /usr/lib/pango/1.5.0/modules/pango-basic-fc.so
2aaab1ed4000-2aaab1ed5000 rwxp 00002000 08:01 9136                       /usr/lib/pango/1.5.0/modules/pango-basic-fc.so
2aaab1ed5000-2aaab1ed9000 r-xp 00000000 08:01 119443                     /usr/share/locale-langpack/en_AU/LC_MESSAGES/glib20.mo
2aaab1ed9000-2aaab2037000 r-xp 00000000 08:01 13733                      /usr/share/icons/Human/icon-theme.cache
2aaab2037000-2aaab2088000 r-xp 00000000 08:01 61107                      /usr/share/icons/Tangerine/icon-theme.cache
2aaab2088000-2aaab22e0000 r-xp 00000000 08:01 34397                      /usr/share/icons/Tango/icon-theme.cache
2aaab22e0000-2aaab293f000 r-xp 00000000 08:01 185692                     /usr/share/icons/gnome/icon-theme.cache
2aaab293f000-2aaab2aec000 r-xp 00000000 08:01 6611                       /usr/share/icons/hicolor/icon-theme.cache
2aaab2b00000-2aaab2b26000 rwxp 2aaab2b00000 00:00 0 
2aaab2b26000-2aaab2c00000 ---p 2aaab2b26000 00:00 0 
2aaab2c00000-2aaab2c0f000 r-xp 00000000 08:02 11911231                   /home/sorenm/JIndex/libs/native/amd64/libglibjni-0.4.so
2aaab2c0f000-2aaab2d0e000 ---p 0000f000 08:02 11911231                   /home/sorenm/JIndex/libs/native/amd64/libglibjni-0.4.so
2aaab2d0e000-2aaab2d0f000 rwxp 0000e000 08:02 11911231                   /home/sorenm/JIndex/libs/native/amd64/libglibjni-0.4.so
2aaab2d10000-2aaab2d14000 r-xp 00000000 08:01 13842                      /usr/lib/gtk-2.0/2.10.0/loaders/libpixbufloader-png.so
2aaab2d14000-2aaab2e14000 ---p 00004000 08:01 13842                      /usr/lib/gtk-2.0/2.10.0/loaders/libpixbufloader-png.so
2aaab2e14000-2aaab2e15000 rwxp 00004000 08:01 13842                      /usr/lib/gtk-2.0/2.10.0/loaders/libpixbufloader-png.so
2ae66451c000-2ae664538000 r-xp 00000000 08:01 15018                      /lib/ld-2.4.so
2ae664538000-2ae66453b000 rwxp 2ae664538000 00:00 0 
2ae664637000-2ae664639000 rwxp 0001b000 08:01 15018                      /lib/ld-2.4.so
2ae664639000-2ae66464a000 r-xp 00000000 08:01 15035                      /lib/libpthread-2.4.so
2ae66464a000-2ae664749000 ---p 00011000 08:01 15035                      /lib/libpthread-2.4.so
2ae664749000-2ae66474b000 rwxp 00010000 08:01 15035                      /lib/libpthread-2.4.so
2ae66474b000-2ae66474f000 rwxp 2ae66474b000 00:00 0 
2ae66474f000-2ae664751000 r-xp 00000000 08:01 15024                      /lib/libdl-2.4.so
2ae664751000-2ae664851000 ---p 00002000 08:01 15024                      /lib/libdl-2.4.so
2ae664851000-2ae664853000 rwxp 00002000 08:01 15024                      /lib/libdl-2.4.so
2ae664853000-2ae664989000 r-xp 00000000 08:01 15021                      /lib/libc-2.4.so
2ae664989000-2ae664a89000 ---p 00136000 08:01 15021                      /lib/libc-2.4.so
2ae664a89000-2ae664a8c000 r-xp 00136000 08:01 15021                      /lib/libc-2.4.so
2ae664a8c000-2ae664a8e000 rwxp 00139000 08:01 15021                      /lib/libc-2.4.so
2ae664a8e000-2ae664a95000 rwxp 2ae664a8e000 00:00 0 
2ae664a95000-2ae665160000 r-xp 00000000 08:02 8585218                    /home/sorenm/jdk1.5.0_08/jre/lib/amd64/server/libjvm.so
2ae665160000-2ae66525f000 ---p 006cb000 08:02 8585218                    /home/sorenm/jdk1.5.0_08/jre/lib/amd64/server/libjvm.so
2ae66525f000-2ae6653da000 rwxp 006ca000 08:02 8585218                    /home/sorenm/jdk1.5.0_08/jre/lib/amd64/server/libjvm.so
2ae6653da000-2ae665409000 rwxp 2ae6653da000 00:00 0 
2ae665409000-2ae66540a000 r-xp 2ae665409000 00:00 0 
2ae66540a000-2ae66540b000 rwxp 2ae66540a000 00:00 0 
2ae66541b000-2ae66549b000 r-xp 00000000 08:01 15025                      /lib/libm-2.4.so
2ae66549b000-2ae66559a000 ---p 00080000 08:01 15025                      /lib/libm-2.4.so
2ae66559a000-2ae66559c000 rwxp 0007f000 08:01 15025                      /lib/libm-2.4.so
2ae66559c000-2ae6655a5000 r-xp 00000000 08:02 9601026                    /home/sorenm/jdk1.5.0_08/jre/lib/amd64/native_threads/libhpi.so
2ae6655a5000-2ae6656a4000 ---p 00009000 08:02 9601026                    /home/sorenm/jdk1.5.0_08/jre/lib/amd64/native_threads/libhpi.so
2ae6656a4000-2ae6656a8000 rwxp 00008000 08:02 9601026                    /home/sorenm/jdk1.5.0_08/jre/lib/amd64/native_threads/libhpi.so
2ae6656ba000-2ae6656cd000 r-xp 00000000 08:01 15027                      /lib/libnsl-2.4.so
2ae6656cd000-2ae6657cd000 ---p 00013000 08:01 15027                      /lib/libnsl-2.4.so
2ae6657cd000-2ae6657cf000 rwxp 00013000 08:01 15027                      /lib/libnsl-2.4.so
2ae6657cf000-2ae6657d1000 rwxp 2ae6657cf000 00:00 0 
2ae6657e3000-2ae6657ea000 r-xp 00000000 08:01 15028                      /lib/libnss_compat-2.4.so
2ae6657ea000-2ae6658ea000 ---p 00007000 08:01 15028                      /lib/libnss_compat-2.4.so
2ae6658ea000-2ae6658ec000 rwxp 00007000 08:01 15028                      /lib/libnss_compat-2.4.so
2ae6658ec000-2ae6658f5000 r-xp 00000000 08:01 15032                      /lib/libnss_nis-2.4.so
2ae6658f5000-2ae6659f5000 ---p 00009000 08:01 15032                      /lib/libnss_nis-2.4.so
2ae6659f5000-2ae6659f7000 rwxp 00009000 08:01 15032                      /lib/libnss_nis-2.4.so
2ae6659f7000-2ae665a01000 r-xp 00000000 08:01 15030                      /lib/libnss_files-2.4.so
2ae665a01000-2ae665b00000 ---p 0000a000 08:01 15030                      /lib/libnss_files-2.4.so
2ae665b00000-2ae665b02000 rwxp 00009000 08:01 15030                      /lib/libnss_files-2.4.so
2ae665b02000-2ae665b0a000 rwxs 00000000 08:01 267967                     /tmp/hsperfdata_sorenm/20697
2ae665b0a000-2ae665b17000 r-xp 00000000 08:02 7995398                    /home/sorenm/jdk1.5.0_08/jre/lib/amd64/libverify.so
2ae665b17000-2ae665c16000 ---p 0000d000 08:02 7995398                    /home/sorenm/jdk1.5.0_08/jre/lib/amd64/libverify.so
2ae665c16000-2ae665c19000 rwxp 0000c000 08:02 7995398                    /home/sorenm/jdk1.5.0_08/jre/lib/amd64/libverify.so
2ae665c19000-2ae665c3e000 r-xp 00000000 08:02 7995411                    /home/sorenm/jdk1.5.0_08/jre/lib/amd64/libjava.so
2ae665c3e000-2ae665d3d000 ---p 00025000 08:02 7995411                    /home/sorenm/jdk1.5.0_08/jre/lib/amd64/libjava.so
2ae665d3d000-2ae665d43000 rwxp 00024000 08:02 7995411                    /home/sorenm/jdk1.5.0_08/jre/lib/amd64/libjava.so
2ae665d43000-2ae665d52000 r-xp 00000000 08:02 7995404                    /home/sorenm/jdk1.5.0_08/jre/lib/amd64/libzip.so
2ae665d52000-2ae665e53000 ---p 0000f000 08:02 7995404                    /home/sorenm/jdk1.5.0_08/jre/lib/amd64/libzip.so
2ae665e53000-2ae665e57000 rwxp 00010000 08:02 7995404                    /home/sorenm/jdk1.5.0_08/jre/lib/amd64/libzip.so
2ae665e57000-2ae66846d000 r-xs 00000000 08:02 11321381                   /home/sorenm/jdk1.5.0_08/jre/lib/rt.jar
2ae66846d000-2ae6684d6000 rwxp 2ae66846d000 00:00 0 
2ae6684d6000-2ae66855b000 r-xs 00000000 08:02 11321350                   /home/sorenm/jdk1.5.0_08/jre/lib/jsse.jar
2ae66855b000-2ae668570000 r-xs 00000000 08:02 11321378                   /home/sorenm/jdk1.5.0_08/jre/lib/jce.jar
2ae668570000-2ae668de0000 r-xs 00000000 08:02 11321356                   /home/sorenm/jdk1.5.0_08/jre/lib/charsets.jar
2ae668de0000-2ae669050000 rwxp 2ae668de0000 00:00 0 
2ae669050000-2ae66bde0000 rwxp 2ae669050000 00:00 0 
2ae66bde0000-2ae66bdea000 rwxp 2ae66bde0000 00:00 0 
2ae66bdea000-2ae66bea0000 rwxp 2ae66bdea000 00:00 0 
2ae66bea0000-2ae66d360000 rwxp 2ae66bea0000 00:00 0 
2ae66d360000-2ae6710a0000 rwxp 2ae66d360000 00:00 0 
2ae6710a0000-2ae6725a0000 rwxp 2ae6710a0000 00:00 0 
2ae6725a0000-2ae6860a0000 rwxp 2ae6725a0000 00:00 0 
2ae6860a0000-2ae686b10000 rwxp 2ae6860a0000 00:00 0 
2ae686b10000-2ae6908a0000 rwxp 2ae686b10000 00:00 0 
2ae6908a0000-2ae6908ab000 rwxp 2ae6908a0000 00:00 0 
2ae6908ab000-2ae6908c9000 rwxp 2ae6908ab000 00:00 0 
2ae6908c9000-2ae6908d4000 rwxp 2ae6908c9000 00:00 0 
2ae6908d4000-2ae690971000 rwxp 2ae6908d4000 00:00 0 
2ae690971000-2ae690977000 rwxp 2ae690971000 00:00 0 
2ae690977000-2ae6909c5000 rwxp 2ae690977000 00:00 0 
2ae6909c5000-2ae6909d1000 rwxp 2ae6909c5000 00:00 0 
2ae6909d1000-2ae690a6e000 rwxp 2ae6909d1000 00:00 0 
2ae690a6e000-2ae690a79000 rwxp 2ae690a6e000 00:00 0 
2ae690a79000-2ae690a97000 rwxp 2ae690a79000 00:00 0 
7fff4638e000-7fff46391000 ---p 7fff4638e000 00:00 0 
7fff46391000-7fff4658e000 rwxp 7fff46391000 00:00 0                      [stack]
ffffffffff600000-ffffffffffe00000 ---p 00000000 00:00 0                  [vdso]

VM Arguments:
jvm_args: -Djava.library.path=libs/native/amd64 -DHOME=/home/sorenm
java_command: client.JIndexClient
Launcher Type: SUN_STANDARD

Environment Variables:
JAVA_HOME=/home/sorenm/jdk1.5.0_08
PATH=/home/sorenm/jdk1.5.0_08/bin:/usr/local/sbin:/usr/local/bin:/usr/sbin:/usr/bin:/sbin:/bin:/usr/bin/X11:/usr/games
USERNAME=sorenm
LD_LIBRARY_PATH=/home/sorenm/jdk1.5.0_08/jre/lib/amd64/server:/home/sorenm/jdk1.5.0_08/jre/lib/amd64:/home/sorenm/jdk1.5.0_08/jre/../lib/amd64
SHELL=/bin/bash
DISPLAY=:0.0

Signal Handlers:
SIGSEGV: [libjvm.so+0x656380], sa_mask[0]=0x7ffbfeff, sa_flags=0x14000004
SIGBUS: [libjvm.so+0x656380], sa_mask[0]=0x7ffbfeff, sa_flags=0x14000004
SIGFPE: [libjvm.so+0x55dd50], sa_mask[0]=0x7ffbfeff, sa_flags=0x14000004
SIGPIPE: [libjvm.so+0x55dd50], sa_mask[0]=0x7ffbfeff, sa_flags=0x14000004
SIGILL: [libjvm.so+0x55dd50], sa_mask[0]=0x7ffbfeff, sa_flags=0x14000004
SIGUSR1: SIG_DFL, sa_mask[0]=0x00000000, sa_flags=0x00000000
SIGUSR2: [libjvm.so+0x55fc00], sa_mask[0]=0x00000004, sa_flags=0x14000004
SIGHUP: [libjvm.so+0x55f6d0], sa_mask[0]=0x7ffbfeff, sa_flags=0x14000004
SIGINT: [libjvm.so+0x55f6d0], sa_mask[0]=0x7ffbfeff, sa_flags=0x14000004
SIGQUIT: [libjvm.so+0x55f6d0], sa_mask[0]=0x7ffbfeff, sa_flags=0x14000004
SIGTERM: [libjvm.so+0x55f6d0], sa_mask[0]=0x7ffbfeff, sa_flags=0x14000004


---------------  S Y S T E M  ---------------

OS:testing/unstable

uname:Linux 2.6.17-10-generic #2 SMP Wed Oct 4 16:06:36 UTC 2006 x86_64
libc:glibc 2.4 NPTL 2.4 
rlimit: STACK 8192k, CORE 0k, NPROC infinity, NOFILE 1024, AS infinity
load average:0.69 0.67 0.90

CPU:total 2 em64t ht

Memory: 4k page, physical 2057956k(15876k free), swap 3903784k(3052388k free)

vm_info: Java HotSpot(TM) 64-Bit Server VM (1.5.0_08-b03) for linux-amd64, built on Jun 28 2006 00:27:03 by java_re with gcc 3.2.2 (SuSE Linux)

