#
# An unexpected error has been detected by HotSpot Virtual Machine:
#
#  SIGSEGV (0xb) at pc=0x000000330e2d48ed, pid=27528, tid=46912496205760
#
# Java VM: Java HotSpot(TM) 64-Bit Server VM (1.5.0_04-b05 mixed mode)
# Problematic frame:
# C  [libgtk-x11-2.0.so.0+0xd48ed]  gtk_hbox_new+0x1d
#

---------------  T H R E A D  ---------------

Current thread (0x0000000040116110):  JavaThread "main" [_thread_in_native, id=27528]

siginfo:si_signo=11, si_errno=0, si_code=1, si_addr=0x0000000000000078

Registers:
RAX=0x0000000000000000, RBX=0x0000000000000000, RCX=0x0000000000000000, RDX=0x0000000000000000
RSP=0x00007ffffffaaa10, RBP=0x00007ffffffaaa88, RSI=0x00002aaafdac8670, RDI=0x00002aaafdac8670
R8 =0x0000000000000002, R9 =0x0000000000000000, R10=0x00002aaafd854f0b, R11=0x0000000000000000
R12=0x0000000000000000, R13=0x00002aaaf4fa2498, R14=0x00007ffffffaaab0, R15=0x0000000040116110
RIP=0x000000330e2d48ed, EFL=0x0000000000010202, CSGSFS=0xffff00000000ffff, ERR=0x0000000000000006
  TRAPNO=0x000000000000000e

Top of Stack: (sp=0x00007ffffffaaa10)
0x00007ffffffaaa10:   00002aaaf4fa2498 0000000040116258
0x00007ffffffaaa20:   00002aaaae872540 00002aaafdc33dcc
0x00007ffffffaaa30:   00002aaaf4fa2498 00002aaaae872562
0x00007ffffffaaa40:   0000000040116110 00000000401179e0
0x00007ffffffaaa50:   00007ffffffaaa50 00002aaaf4fa2498
0x00007ffffffaaa60:   00007ffffffaaab0 00002aaaf4fdbb18
0x00007ffffffaaa70:   0000000000000000 00002aaaf4fa2498
0x00007ffffffaaa80:   00007ffffffaaaa8 00007ffffffaaaf8
0x00007ffffffaaa90:   00002aaaae868de1 00002aaaf4fa8cd0
0x00007ffffffaaaa0:   00002aaaae86f49b 0000000000000000
0x00007ffffffaaab0:   0000000000000000 00002aaaef9c1cb8
0x00007ffffffaaac0:   00007ffffffaaac0 00002aaaf4fa21a3
0x00007ffffffaaad0:   00007ffffffaab18 00002aaaf4fdbb18
0x00007ffffffaaae0:   0000000000000000 00002aaaf4fa21b0
0x00007ffffffaaaf0:   00007ffffffaab08 00007ffffffaab60
0x00007ffffffaab00:   00002aaaae868efe 0000000000000000
0x00007ffffffaab10:   0000000000000000 00002aaaef9c1cb8
0x00007ffffffaab20:   00002aaaef9c1cb8 00007ffffffaab28
0x00007ffffffaab30:   00002aaaf4e7ca06 00007ffffffaab68
0x00007ffffffaab40:   00002aaaf4fae008 0000000000000000
0x00007ffffffaab50:   00002aaaf4e7ca38 00007ffffffaab70
0x00007ffffffaab60:   00007ffffffaabd0 00002aaaae86632d
0x00007ffffffaab70:   0000000000001fa0 00007ffffffaac10
0x00007ffffffaab80:   00007ffffffaad20 0000000040116110
0x00007ffffffaab90:   00002aaaab2b5f98 00002aaaae8662a9
0x00007ffffffaaba0:   00007ffffffaac40 00007ffffffaad18
0x00007ffffffaabb0:   00007fff0000000a 00002aaaf4e7ca38
0x00007ffffffaabc0:   00002aaaae870b60 00007ffffffaad28
0x00007ffffffaabd0:   00007ffffffaacc0 00002aaaaae272a5
0x00007ffffffaabe0:   0000000000000000 0000000040116110
0x00007ffffffaabf0:   00007ffffffaac40 00007ffffffaad18
0x00007ffffffaac00:   0000000a00000000 00002aaaae870b60 

Instructions: (pc=0x000000330e2d48ed)
0x000000330e2d48dd:   93 ff ff ff 48 89 c7 31 f6 31 c0 e8 fb 8a f7 ff
0x000000330e2d48ed:   66 89 58 78 45 85 e4 0f 95 c1 0f b6 50 7a 80 e2 

Stack: [0x00007fffffdb0000,0x00007ffffffb0000),  sp=0x00007ffffffaaa10,  free space=2026k
Native frames: (J=compiled Java code, j=interpreted, Vv=VM code, C=native code)
C  [libgtk-x11-2.0.so.0+0xd48ed]  gtk_hbox_new+0x1d
j  org.gnu.gtk.HBox.<init>(ZI)V+3
j  Third.<clinit>()V+6
v  ~StubRoutines::call_stub
V  [libjvm.so+0x3662a5]
V  [libjvm.so+0x518089]
V  [libjvm.so+0x3660b5]
V  [libjvm.so+0x3362ad]
V  [libjvm.so+0x334d8d]
V  [libjvm.so+0x333dba]
V  [libjvm.so+0x3ccc2d]
V  [libjvm.so+0x36d616]
C  [java+0x3ca6]
C  [java+0x206f]  strcmp+0x8a7

Java frames: (J=compiled Java code, j=interpreted, Vv=VM code)
j  org.gnu.gtk.HBox.gtk_hbox_new(ZI)Lorg/gnu/glib/Handle;+0
j  org.gnu.gtk.HBox.<init>(ZI)V+3
j  Third.<clinit>()V+6
v  ~StubRoutines::call_stub

---------------  P R O C E S S  ---------------

Java Threads: ( => current thread )
  0x00002aaafce8e150 JavaThread "Low Memory Detector" daemon [_thread_blocked, id=27541]
  0x00002aaafce8c550 JavaThread "CompilerThread1" daemon [_thread_blocked, id=27540]
  0x00002aaafce8afd0 JavaThread "CompilerThread0" daemon [_thread_blocked, id=27539]
  0x00002aaafce898a0 JavaThread "AdapterThread" daemon [_thread_blocked, id=27538]
  0x00000000401bc700 JavaThread "Signal Dispatcher" daemon [_thread_blocked, id=27537]
  0x00000000401ae630 JavaThread "Finalizer" daemon [_thread_blocked, id=27536]
  0x00000000401add70 JavaThread "Reference Handler" daemon [_thread_blocked, id=27535]
=>0x0000000040116110 JavaThread "main" [_thread_in_native, id=27528]

Other Threads:
  0x00000000401a99f0 VMThread [id=27534]
  0x00002aaafce8fd70 WatcherThread [id=27542]

VM state:not at safepoint (normal execution)

VM Mutex/Monitor currently owned by a thread: None

Heap
 def new generation   total 2368K, used 1368K [0x00002aaaef870000, 0x00002aaaefb00000, 0x00002aaaf1470000)
  eden space 2112K,  64% used [0x00002aaaef870000, 0x00002aaaef9c60c0, 0x00002aaaefa80000)
  from space 256K,   0% used [0x00002aaaefa80000, 0x00002aaaefa80000, 0x00002aaaefac0000)
  to   space 256K,   0% used [0x00002aaaefac0000, 0x00002aaaefac0000, 0x00002aaaefb00000)
 tenured generation   total 1792K, used 0K [0x00002aaaf1470000, 0x00002aaaf1630000, 0x00002aaaf4c70000)
   the space 1792K,   0% used [0x00002aaaf1470000, 0x00002aaaf1470000, 0x00002aaaf1470200, 0x00002aaaf1630000)
 compacting perm gen  total 21248K, used 3527K [0x00002aaaf4c70000, 0x00002aaaf6130000, 0x00002aaaf9e70000)
   the space 21248K,  16% used [0x00002aaaf4c70000, 0x00002aaaf4fe1ca0, 0x00002aaaf4fe1e00, 0x00002aaaf6130000)
No shared spaces configured.

Dynamic libraries:
40000000-4000d000 r-xp 00000000 08:01 12112539                           /usr/java/jdk1.5.0_04/jre/bin/java
4010c000-40110000 rwxp 0000c000 08:01 12112539                           /usr/java/jdk1.5.0_04/jre/bin/java
40110000-401bd000 rwxp 40110000 00:00 0                                  [heap]
401bd000-401be000 ---p 401bd000 00:00 0 
401be000-402be000 rwxp 401be000 00:00 0 
402be000-402c1000 ---p 402be000 00:00 0 
402c1000-403bf000 rwxp 402c1000 00:00 0 
403bf000-403c2000 ---p 403bf000 00:00 0 
403c2000-404c0000 rwxp 403c2000 00:00 0 
404c0000-404c3000 ---p 404c0000 00:00 0 
404c3000-405c1000 rwxp 404c3000 00:00 0 
405c1000-405c4000 ---p 405c1000 00:00 0 
405c4000-406c2000 rwxp 405c4000 00:00 0 
406c2000-406c5000 ---p 406c2000 00:00 0 
406c5000-407c3000 rwxp 406c5000 00:00 0 
407c3000-407c6000 ---p 407c3000 00:00 0 
407c6000-408c4000 rwxp 407c6000 00:00 0 
408c4000-408c7000 ---p 408c4000 00:00 0 
408c7000-409c5000 rwxp 408c7000 00:00 0 
409c5000-409c6000 ---p 409c5000 00:00 0 
409c6000-40ac6000 rwxp 409c6000 00:00 0 
330b300000-330b31a000 r-xp 00000000 08:01 6285370                        /lib64/ld-2.3.5.so
330b419000-330b41a000 r-xp 00019000 08:01 6285370                        /lib64/ld-2.3.5.so
330b41a000-330b41b000 rwxp 0001a000 08:01 6285370                        /lib64/ld-2.3.5.so
330b500000-330b62d000 r-xp 00000000 08:01 6285371                        /lib64/libc-2.3.5.so
330b62d000-330b72c000 ---p 0012d000 08:01 6285371                        /lib64/libc-2.3.5.so
330b72c000-330b730000 r-xp 0012c000 08:01 6285371                        /lib64/libc-2.3.5.so
330b730000-330b732000 rwxp 00130000 08:01 6285371                        /lib64/libc-2.3.5.so
330b732000-330b736000 rwxp 330b732000 00:00 0 
330b800000-330b884000 r-xp 00000000 08:01 6285579                        /lib64/libm-2.3.5.so
330b884000-330b984000 ---p 00084000 08:01 6285579                        /lib64/libm-2.3.5.so
330b984000-330b985000 r-xp 00084000 08:01 6285579                        /lib64/libm-2.3.5.so
330b985000-330b986000 rwxp 00085000 08:01 6285579                        /lib64/libm-2.3.5.so
330ba00000-330ba02000 r-xp 00000000 08:01 6285578                        /lib64/libdl-2.3.5.so
330ba02000-330bb02000 ---p 00002000 08:01 6285578                        /lib64/libdl-2.3.5.so
330bb02000-330bb03000 r-xp 00002000 08:01 6285578                        /lib64/libdl-2.3.5.so
330bb03000-330bb04000 rwxp 00003000 08:01 6285578                        /lib64/libdl-2.3.5.so
330bc00000-330bc14000 r-xp 00000000 08:01 11601183                       /usr/lib64/libz.so.1.2.2.2
330bc14000-330bd13000 ---p 00014000 08:01 11601183                       /usr/lib64/libz.so.1.2.2.2
330bd13000-330bd14000 rwxp 00013000 08:01 11601183                       /usr/lib64/libz.so.1.2.2.2
330be00000-330be84000 r-xp 00000000 08:01 11598195                       /usr/lib64/libglib-2.0.so.0.600.4
330be84000-330bf83000 ---p 00084000 08:01 11598195                       /usr/lib64/libglib-2.0.so.0.600.4
330bf83000-330bf89000 rwxp 00083000 08:01 11598195                       /usr/lib64/libglib-2.0.so.0.600.4
330bf89000-330bf8a000 rwxp 330bf89000 00:00 0 
330c000000-330c0da000 r-xp 00000000 08:01 11604118                       /usr/X11R6/lib64/libX11.so.6.2
330c0da000-330c1d9000 ---p 000da000 08:01 11604118                       /usr/X11R6/lib64/libX11.so.6.2
330c1d9000-330c1df000 rwxp 000d9000 08:01 11604118                       /usr/X11R6/lib64/libX11.so.6.2
330c200000-330c237000 r-xp 00000000 08:01 11600829                       /usr/lib64/libgobject-2.0.so.0.600.4
330c237000-330c337000 ---p 00037000 08:01 11600829                       /usr/lib64/libgobject-2.0.so.0.600.4
330c337000-330c33c000 rwxp 00037000 08:01 11600829                       /usr/lib64/libgobject-2.0.so.0.600.4
330c400000-330c410000 r-xp 00000000 08:01 11602005                       /usr/X11R6/lib64/libXext.so.6.4
330c410000-330c510000 ---p 00010000 08:01 11602005                       /usr/X11R6/lib64/libXext.so.6.4
330c510000-330c511000 rwxp 00010000 08:01 11602005                       /usr/X11R6/lib64/libXext.so.6.4
330c600000-330c603000 r-xp 00000000 08:01 11600833                       /usr/lib64/libgmodule-2.0.so.0.600.4
330c603000-330c702000 ---p 00003000 08:01 11600833                       /usr/lib64/libgmodule-2.0.so.0.600.4
330c702000-330c703000 rwxp 00002000 08:01 11600833                       /usr/lib64/libgmodule-2.0.so.0.600.4
330c800000-330c87f000 r-xp 00000000 08:01 11601284                       /usr/lib64/libfreetype.so.6.3.7
330c87f000-330c97f000 ---p 0007f000 08:01 11601284                       /usr/lib64/libfreetype.so.6.3.7
330c97f000-330c98c000 rwxp 0007f000 08:01 11601284                       /usr/lib64/libfreetype.so.6.3.7
330ca00000-330ca21000 r-xp 00000000 08:01 11602119                       /usr/lib64/libexpat.so.0.5.0
330ca21000-330cb20000 ---p 00021000 08:01 11602119                       /usr/lib64/libexpat.so.0.5.0
330cb20000-330cb23000 rwxp 00020000 08:01 11602119                       /usr/lib64/libexpat.so.0.5.0
330cc00000-330cc2c000 r-xp 00000000 08:01 11602219                       /usr/lib64/libfontconfig.so.1.0.4
330cc2c000-330cd2c000 ---p 0002c000 08:01 11602219                       /usr/lib64/libfontconfig.so.1.0.4
330cd2c000-330cd31000 rwxp 0002c000 08:01 11602219                       /usr/lib64/libfontconfig.so.1.0.4
330cd31000-330cd33000 rwxp 330cd31000 00:00 0 
330ce00000-330ce0f000 r-xp 00000000 08:01 6285576                        /lib64/libpthread-2.3.5.so
330ce0f000-330cf0f000 ---p 0000f000 08:01 6285576                        /lib64/libpthread-2.3.5.so
330cf0f000-330cf10000 r-xp 0000f000 08:01 6285576                        /lib64/libpthread-2.3.5.so
330cf10000-330cf11000 rwxp 00010000 08:01 6285576                        /lib64/libpthread-2.3.5.so
330cf11000-330cf15000 rwxp 330cf11000 00:00 0 
330d000000-330d003000 r-xp 00000000 08:01 11602045                       /usr/X11R6/lib64/libXrandr.so.2.0
330d003000-330d102000 ---p 00003000 08:01 11602045                       /usr/X11R6/lib64/libXrandr.so.2.0
330d102000-330d103000 rwxp 00002000 08:01 11602045                       /usr/X11R6/lib64/libXrandr.so.2.0
330d200000-330d208000 r-xp 00000000 08:01 11602043                       /usr/X11R6/lib64/libXi.so.6.0
330d208000-330d307000 ---p 00008000 08:01 11602043                       /usr/X11R6/lib64/libXi.so.6.0
330d307000-330d308000 rwxp 00007000 08:01 11602043                       /usr/X11R6/lib64/libXi.so.6.0
330d400000-330d428000 r-xp 00000000 08:01 11602402                       /usr/lib64/libpangoft2-1.0.so.0.800.1
330d428000-330d528000 ---p 00028000 08:01 11602402                       /usr/lib64/libpangoft2-1.0.so.0.800.1
330d528000-330d52a000 rwxp 00028000 08:01 11602402                       /usr/lib64/libpangoft2-1.0.so.0.800.1
330d600000-330d608000 r-xp 00000000 08:01 11602023                       /usr/X11R6/lib64/libXrender.so.1.2.2
330d608000-330d708000 ---p 00008000 08:01 11602023                       /usr/X11R6/lib64/libXrender.so.1.2.2
330d708000-330d709000 rwxp 00008000 08:01 11602023                       /usr/X11R6/lib64/libXrender.so.1.2.2
330d800000-330d83b000 r-xp 00000000 08:01 11601163                       /usr/lib64/libpango-1.0.so.0.800.1
330d83b000-330d93b000 ---p 0003b000 08:01 11601163                       /usr/lib64/libpango-1.0.so.0.800.1
330d93b000-330d944000 rwxp 0003b000 08:01 11601163                       /usr/lib64/libpango-1.0.so.0.800.1
330da00000-330da80000 r-xp 00000000 08:01 11605529                       /usr/lib64/libgdk-x11-2.0.so.0.600.7
330da80000-330db7f000 ---p 00080000 08:01 11605529                       /usr/lib64/libgdk-x11-2.0.so.0.600.7
330db7f000-330db89000 rwxp 0007f000 08:01 11605529                       /usr/lib64/libgdk-x11-2.0.so.0.600.7
330dc00000-330dc07000 r-xp 00000000 08:01 11602017                       /usr/lib64/libpangoxft-1.0.so.0.800.1
330dc07000-330dd06000 ---p 00007000 08:01 11602017                       /usr/lib64/libpangoxft-1.0.so.0.800.1
330dd06000-330dd07000 rwxp 00006000 08:01 11602017                       /usr/lib64/libpangoxft-1.0.so.0.800.1
330de00000-330de02000 r-xp 00000000 08:01 11602033                       /usr/X11R6/lib64/libXinerama.so.1.0
330de02000-330df01000 ---p 00002000 08:01 11602033                       /usr/X11R6/lib64/libXinerama.so.1.0
330df01000-330df02000 rwxp 00001000 08:01 11602033                       /usr/X11R6/lib64/libXinerama.so.1.0
330e000000-330e014000 r-xp 00000000 08:01 11604114                       /usr/lib64/libgdk_pixbuf-2.0.so.0.600.7
330e014000-330e114000 ---p 00014000 08:01 11604114                       /usr/lib64/libgdk_pixbuf-2.0.so.0.600.7
330e114000-330e116000 rwxp 00014000 08:01 11604114                       /usr/lib64/libgdk_pixbuf-2.0.so.0.600.7
330e200000-330e4ad000 r-xp 00000000 08:01 11605790                       /usr/lib64/libgtk-x11-2.0.so.0.600.7
330e4ad000-330e5ac000 ---p 002ad000 08:01 11605790                       /usr/lib64/libgtk-x11-2.0.so.0.600.7
330e5ac000-330e5dd000 rwxp 002ac000 08:01 11605790                       /usr/lib64/libgtk-x11-2.0.so.0.600.7
330e5dd000-330e5e0000 rwxp 330e5dd000 00:00 0 
330e600000-330e614000 r-xp 00000000 08:01 11602035                       /usr/X11R6/lib64/libXft.so.2.1.2
330e614000-330e713000 ---p 00014000 08:01 11602035                       /usr/X11R6/lib64/libXft.so.2.1.2
330e713000-330e714000 rwxp 00013000 08:01 11602035                       /usr/X11R6/lib64/libXft.so.2.1.2
330e800000-330e805000 r-xp 00000000 08:01 11602031                       /usr/X11R6/lib64/libXfixes.so.3.0
330e805000-330e904000 ---p 00005000 08:01 11602031                       /usr/X11R6/lib64/libXfixes.so.3.0
330e904000-330e905000 rwxp 00004000 08:01 11602031                       /usr/X11R6/lib64/libXfixes.so.3.0
330ea00000-330ea09000 r-xp 00000000 08:01 11602025                       /usr/X11R6/lib64/libXcursor.so.1.0.2
330ea09000-330eb09000 ---p 00009000 08:01 11602025                       /usr/X11R6/lib64/libXcursor.so.1.0.2
330eb09000-330eb0a000 rwxp 00009000 08:01 11602025                       /usr/X11R6/lib64/libXcursor.so.1.0.2
330ec00000-330ec1a000 r-xp 00000000 08:01 11605530                       /usr/lib64/libatk-1.0.so.0.901.0
330ec1a000-330ed19000 ---p 0001a000 08:01 11605530                       /usr/lib64/libatk-1.0.so.0.901.0
330ed19000-330ed1e000 rwxp 00019000 08:01 11605530                       /usr/lib64/libatk-1.0.so.0.901.0
330ee00000-330ee0b000 r-xp 00000000 08:01 11605480                       /usr/lib64/libpangox-1.0.so.0.800.1
330ee0b000-330ef0b000 ---p 0000b000 08:01 11605480                       /usr/lib64/libpangox-1.0.so.0.800.1
330ef0b000-330ef0c000 rwxp 0000b000 08:01 11605480                       /usr/lib64/libpangox-1.0.so.0.800.1
3313a00000-3313a14000 r-xp 00000000 08:01 6285536                        /lib64/libnsl-2.3.5.so
3313a14000-3313b13000 ---p 00014000 08:01 6285536                        /lib64/libnsl-2.3.5.so
3313b13000-3313b14000 r-xp 00013000 08:01 6285536                        /lib64/libnsl-2.3.5.so
3313b14000-3313b15000 rwxp 00014000 08:01 6285536                        /lib64/libnsl-2.3.5.so
3313b15000-3313b17000 rwxp 3313b15000 00:00 0 
2aaaaaaab000-2aaaaaaac000 rwxp 2aaaaaaab000 00:00 0 
2aaaaaabe000-2aaaaaac1000 rwxp 2aaaaaabe000 00:00 0 
2aaaaaac1000-2aaaab129000 r-xp 00000000 08:01 12112594                   /usr/java/jdk1.5.0_04/jre/lib/amd64/server/libjvm.so
2aaaab129000-2aaaab229000 ---p 00668000 08:01 12112594                   /usr/java/jdk1.5.0_04/jre/lib/amd64/server/libjvm.so
2aaaab229000-2aaaab398000 rwxp 00668000 08:01 12112594                   /usr/java/jdk1.5.0_04/jre/lib/amd64/server/libjvm.so
2aaaab398000-2aaaab3c7000 rwxp 2aaaab398000 00:00 0 
2aaaab3c7000-2aaaab3c8000 r-xp 2aaaab3c7000 00:00 0 
2aaaab3c8000-2aaaab3c9000 rwxp 2aaaab3c8000 00:00 0 
2aaaab3c9000-2aaaab3d2000 r-xp 00000000 08:01 12112590                   /usr/java/jdk1.5.0_04/jre/lib/amd64/native_threads/libhpi.so
2aaaab3d2000-2aaaab4d1000 ---p 00009000 08:01 12112590                   /usr/java/jdk1.5.0_04/jre/lib/amd64/native_threads/libhpi.so
2aaaab4d1000-2aaaab4d5000 rwxp 00008000 08:01 12112590                   /usr/java/jdk1.5.0_04/jre/lib/amd64/native_threads/libhpi.so
2aaaab4d5000-2aaaab4dd000 rwxs 00000000 08:01 8249563                    /tmp/hsperfdata_sorenm/27528
2aaaab4e7000-2aaaab4f1000 r-xp 00000000 08:01 6285339                    /lib64/libnss_files-2.3.5.so
2aaaab4f1000-2aaaab5f1000 ---p 0000a000 08:01 6285339                    /lib64/libnss_files-2.3.5.so
2aaaab5f1000-2aaaab5f2000 r-xp 0000a000 08:01 6285339                    /lib64/libnss_files-2.3.5.so
2aaaab5f2000-2aaaab5f3000 rwxp 0000b000 08:01 6285339                    /lib64/libnss_files-2.3.5.so
2aaaab5f3000-2aaaab600000 r-xp 00000000 08:01 12112585                   /usr/java/jdk1.5.0_04/jre/lib/amd64/libverify.so
2aaaab600000-2aaaab6ff000 ---p 0000d000 08:01 12112585                   /usr/java/jdk1.5.0_04/jre/lib/amd64/libverify.so
2aaaab6ff000-2aaaab702000 rwxp 0000c000 08:01 12112585                   /usr/java/jdk1.5.0_04/jre/lib/amd64/libverify.so
2aaaab702000-2aaaab727000 r-xp 00000000 08:01 12112569                   /usr/java/jdk1.5.0_04/jre/lib/amd64/libjava.so
2aaaab727000-2aaaab826000 ---p 00025000 08:01 12112569                   /usr/java/jdk1.5.0_04/jre/lib/amd64/libjava.so
2aaaab826000-2aaaab82c000 rwxp 00024000 08:01 12112569                   /usr/java/jdk1.5.0_04/jre/lib/amd64/libjava.so
2aaaab82c000-2aaaab842000 r-xp 00000000 08:01 12112586                   /usr/java/jdk1.5.0_04/jre/lib/amd64/libzip.so
2aaaab842000-2aaaab944000 ---p 00016000 08:01 12112586                   /usr/java/jdk1.5.0_04/jre/lib/amd64/libzip.so
2aaaab944000-2aaaab947000 rwxp 00018000 08:01 12112586                   /usr/java/jdk1.5.0_04/jre/lib/amd64/libzip.so
2aaaab947000-2aaaadf27000 r-xs 00000000 08:01 12112628                   /usr/java/jdk1.5.0_04/jre/lib/rt.jar
2aaaadf27000-2aaaadf90000 rwxp 2aaaadf27000 00:00 0 
2aaaadf90000-2aaaae017000 r-xs 00000000 08:01 12112626                   /usr/java/jdk1.5.0_04/jre/lib/jsse.jar
2aaaae017000-2aaaae02b000 r-xs 00000000 08:01 12112619                   /usr/java/jdk1.5.0_04/jre/lib/jce.jar
2aaaae02b000-2aaaae866000 r-xs 00000000 08:01 12112620                   /usr/java/jdk1.5.0_04/jre/lib/charsets.jar
2aaaae866000-2aaaae966000 rwxp 2aaaae866000 00:00 0 
2aaaae966000-2aaaee866000 rwxp 2aaaae966000 00:00 0 
2aaaee866000-2aaaee86a000 rwxp 2aaaee866000 00:00 0 
2aaaee86a000-2aaaef866000 rwxp 2aaaee86a000 00:00 0 
2aaaef870000-2aaaefb00000 rwxp 2aaaef870000 00:00 0 
2aaaefb00000-2aaaf1470000 rwxp 2aaaefb00000 00:00 0 
2aaaf1470000-2aaaf1630000 rwxp 2aaaf1470000 00:00 0 
2aaaf1630000-2aaaf4c70000 rwxp 2aaaf1630000 00:00 0 
2aaaf4c70000-2aaaf6130000 rwxp 2aaaf4c70000 00:00 0 
2aaaf6130000-2aaaf9e70000 rwxp 2aaaf6130000 00:00 0 
2aaaf9e70000-2aaaf9e72000 rwxp 2aaaf9e70000 00:00 0 
2aaaf9e72000-2aaaf9e7e000 rwxp 2aaaf9e72000 00:00 0 
2aaaf9e7e000-2aaaf9e7f000 rwxp 2aaaf9e7e000 00:00 0 
2aaaf9e7f000-2aaaf9e9a000 rwxp 2aaaf9e7f000 00:00 0 
2aaaf9e9a000-2aaaf9ea5000 rwxp 2aaaf9e9a000 00:00 0 
2aaaf9ea5000-2aaaf9ec3000 rwxp 2aaaf9ea5000 00:00 0 
2aaaf9ec3000-2aaaf9ec5000 rwxp 2aaaf9ec3000 00:00 0 
2aaaf9ec5000-2aaaf9ee1000 rwxp 2aaaf9ec5000 00:00 0 
2aaaf9ee1000-2aaaf9eec000 rwxp 2aaaf9ee1000 00:00 0 
2aaaf9eec000-2aaaf9f0b000 rwxp 2aaaf9eec000 00:00 0 
2aaaf9f0b000-2aaaf9f33000 rwxp 2aaaf9f0b000 00:00 0 
2aaaf9f33000-2aaafce83000 r-xp 00000000 08:01 11615761                   /usr/lib/locale/locale-archive
2aaafce83000-2aaafcf83000 rwxp 2aaafce83000 00:00 0 
2aaafcf83000-2aaafcfa9000 r-xs 00000000 08:01 13030195                   /usr/java/jdk1.5.0_04/jre/lib/ext/sunjce_provider.jar
2aaafcfa9000-2aaafd06d000 r-xs 00000000 08:01 13030661                   /usr/java/jdk1.5.0_04/jre/lib/ext/localedata.jar
2aaafd06d000-2aaafd06f000 r-xs 00000000 08:01 13030193                   /usr/java/jdk1.5.0_04/jre/lib/ext/dnsns.jar
2aaafd06f000-2aaafd131000 r-xs 00000000 08:03 2297754                    /home/sorenm/workspace/JIndex/poi.jar
2aaafd131000-2aaafd13f000 r-xs 00000000 08:03 2297758                    /home/sorenm/workspace/JIndex/poi-contrib.jar
2aaafd13f000-2aaafd16e000 r-xs 00000000 08:03 2297759                    /home/sorenm/workspace/JIndex/poi-scratchpad.jar
2aaafd16e000-2aaafd1be000 r-xs 00000000 08:03 2297771                    /home/sorenm/workspace/JIndex/lucene-1.4.3.jar
2aaafd1be000-2aaafd1c1000 r-xs 00000000 08:03 2297760                    /home/sorenm/workspace/JIndex/sabercat.jar
2aaafd1c1000-2aaafd2b4000 r-xs 00000000 08:03 2297773                    /home/sorenm/workspace/JIndex/xercesImpl.jar
2aaafd2b4000-2aaafd2cf000 r-xs 00000000 08:03 2297775                    /home/sorenm/workspace/JIndex/xml-apis.jar
2aaafd2cf000-2aaafd2ea000 r-xs 00000000 08:03 2297774                    /home/sorenm/workspace/JIndex/xmlParserAPIs.jar
2aaafd2ea000-2aaafd5dc000 r-xs 00000000 08:03 2297772                    /home/sorenm/workspace/JIndex/xalan.jar
2aaafd5dc000-2aaafd5ea000 r-xs 00000000 08:03 2297742                    /home/sorenm/workspace/JIndex/jmimemagic-0.0.4a.jar
2aaafd5ea000-2aaafd680000 r-xs 00000000 08:03 2297781                    /home/sorenm/workspace/JIndex/jxl.jar
2aaafd680000-2aaafd6d5000 r-xs 00000000 08:03 2297784                    /home/sorenm/workspace/JIndex/log4j.jar
2aaafd6d5000-2aaafd6e5000 r-xs 00000000 08:03 2297780                    /home/sorenm/workspace/JIndex/jakarta-oro.jar
2aaafd6e5000-2aaafd6fc000 r-xs 00000000 08:03 2297737                    /home/sorenm/workspace/JIndex/jdic.jar
2aaafd6fc000-2aaafd7a6000 r-xs 00000000 08:03 2297783                    /home/sorenm/workspace/JIndex/je.jar
2aaafd7a6000-2aaafd8a6000 rwxp 2aaafd7a6000 00:00 0 
2aaafd8a6000-2aaafd9be000 r-xs 00000000 08:03 2297782                    /home/sorenm/workspace/JIndex/itext-1.3.jar
2aaafd9be000-2aaafd9e2000 r-xs 00000000 08:03 2312150                    /home/sorenm/workspace/JIndex/libs/commons-lang.jar
2aaafd9e2000-2aaafd9e5000 r-xs 00000000 08:01 11752320                   /usr/share/java/gconf2.10-2.10.1.jar
2aaafd9e5000-2aaafd9ed000 r-xs 00000000 08:01 11752326                   /usr/share/java/glade2.10-2.10.1.jar
2aaafd9ed000-2aaafda03000 r-xs 00000000 08:01 11752317                   /usr/share/java/gnome2.10-2.10.1.jar
2aaafda03000-2aaafda96000 r-xs 00000000 08:01 11752313                   /usr/share/java/gtk2.6-2.6.2.jar
2aaafda96000-2aaafdb96000 rwxp 2aaafda96000 00:00 0 
2aaafdb96000-2aaafdc68000 r-xp 00000000 08:01 11593558                   /usr/lib64/libgtkjni-2.6.so
2aaafdc68000-2aaafdd67000 ---p 000d2000 08:01 11593558                   /usr/lib64/libgtkjni-2.6.so
2aaafdd67000-2aaafdd6e000 rwxp 000d1000 08:01 11593558                   /usr/lib64/libgtkjni-2.6.so
7fffffdb0000-7fffffdb3000 ---p 7fffffdb0000 00:00 0 
7fffffdb3000-7ffffffb0000 rwxp 7fffffdb3000 00:00 0                      [stack]
ffffffffff600000-ffffffffffe00000 ---p 00000000 00:00 0                  [vdso]

VM Arguments:
jvm_args: -Djava.library.path=/usr/lib64 -DHOME=/home/sorenm
java_command: Third

Environment Variables:
PATH=/usr/kerberos/bin:/usr/local/bin:/usr/bin:/bin:/usr/X11R6/bin:/home/sorenm/bin
LD_LIBRARY_PATH=/usr/java/jdk1.5.0_04/jre/lib/amd64/server:/usr/java/jdk1.5.0_04/jre/lib/amd64:/usr/java/jdk1.5.0_04/jre/../lib/amd64:::
SHELL=/bin/bash
DISPLAY=:0.0

Signal Handlers:
SIGSEGV: [libjvm.so+0x5f6fc0], sa_mask[0]=0x7ffbfeff, sa_flags=0x14000004
SIGBUS: [libjvm.so+0x5f6fc0], sa_mask[0]=0x7ffbfeff, sa_flags=0x14000004
SIGFPE: [libjvm.so+0x517300], sa_mask[0]=0x7ffbfeff, sa_flags=0x14000004
SIGPIPE: [libjvm.so+0x517300], sa_mask[0]=0x7ffbfeff, sa_flags=0x14000004
SIGILL: [libjvm.so+0x517300], sa_mask[0]=0x7ffbfeff, sa_flags=0x14000004
SIGUSR1: SIG_DFL, sa_mask[0]=0x00000000, sa_flags=0x00000000
SIGUSR2: [libjvm.so+0x5190e0], sa_mask[0]=0x00010000, sa_flags=0x14000004
SIGHUP: [libjvm.so+0x518bb0], sa_mask[0]=0x7ffbfeff, sa_flags=0x14000004
SIGINT: [libjvm.so+0x518bb0], sa_mask[0]=0x7ffbfeff, sa_flags=0x14000004
SIGQUIT: [libjvm.so+0x518bb0], sa_mask[0]=0x7ffbfeff, sa_flags=0x14000004
SIGTERM: [libjvm.so+0x518bb0], sa_mask[0]=0x7ffbfeff, sa_flags=0x14000004


---------------  S Y S T E M  ---------------

OS:Fedora Core release 4 (Stentz)

uname:Linux 2.6.11-1.1369_FC4 #1 Thu Jun 2 22:56:33 EDT 2005 x86_64
libc:glibc 2.3.5 NPTL 2.3.5 
rlimit: STACK 10240k, CORE 0k, NPROC 8191, NOFILE 1024, AS infinity
load average:0.76 1.43 1.44

CPU:total 1 amd64 3dnow

Memory: 4k page, physical 1024584k(150988k free), swap 498004k(494712k free)

vm_info: Java HotSpot(TM) 64-Bit Server VM (1.5.0_04-b05) for linux-amd64, built on Jun  3 2005 01:50:28 by java_re with gcc 3.2.2 (SuSE Linux)

